INFO:werkzeug:[31m[1mWARNING: This is a development server. Do not use it in a production deployment. Use a production WSGI server instead.[0m
 * Running on http://127.0.0.1:5000
INFO:werkzeug:[33mPress CTRL+C to quit[0m
INFO:werkzeug: * Restarting with watchdog (windowsapi)
WARNING:werkzeug: * Debugger is active!
INFO:werkzeug: * Debugger PIN: 397-501-592
INFO:werkzeug: * Detected change in 'C:\\Users\\Asus\\Desktop\\hids_project\\data_collector.py', reloading
INFO:werkzeug: * Detected change in 'C:\\Users\\Asus\\Desktop\\hids_project\\data_collector.py', reloading
INFO:werkzeug: * Restarting with watchdog (windowsapi)
WARNING:werkzeug: * Debugger is active!
INFO:werkzeug: * Debugger PIN: 397-501-592
INFO:werkzeug: * Detected change in 'C:\\Users\\Asus\\Desktop\\hids_project\\app.py', reloading
INFO:werkzeug: * Detected change in 'C:\\Users\\Asus\\Desktop\\hids_project\\app.py', reloading
INFO:werkzeug: * Detected change in 'C:\\Users\\Asus\\Desktop\\hids_project\\app.py', reloading
INFO:werkzeug: * Restarting with watchdog (windowsapi)
WARNING:werkzeug: * Debugger is active!
INFO:werkzeug: * Debugger PIN: 397-501-592
INFO:werkzeug:[31m[1mWARNING: This is a development server. Do not use it in a production deployment. Use a production WSGI server instead.[0m
 * Running on http://127.0.0.1:5000
INFO:werkzeug:[33mPress CTRL+C to quit[0m
INFO:werkzeug: * Restarting with watchdog (windowsapi)
WARNING:werkzeug: * Debugger is active!
INFO:werkzeug: * Debugger PIN: 397-501-592
INFO:werkzeug: * Detected change in 'C:\\Users\\Asus\\AppData\\Local\\Packages\\PythonSoftwareFoundation.Python.3.13_qbz5n2kfra8p0\\LocalCache\\local-packages\\Python313\\site-packages\\watchdog\\observers\\__init__.py', reloading
INFO:werkzeug: * Detected change in 'C:\\Users\\Asus\\AppData\\Local\\Packages\\PythonSoftwareFoundation.Python.3.13_qbz5n2kfra8p0\\LocalCache\\local-packages\\Python313\\site-packages\\watchdog\\events.py', reloading
INFO:werkzeug: * Restarting with watchdog (windowsapi)
WARNING:werkzeug: * Debugger is active!
INFO:werkzeug: * Debugger PIN: 397-501-592
INFO:werkzeug: * Detected change in 'C:\\Users\\Asus\\Desktop\\hids_project\\app.py', reloading
INFO:werkzeug: * Detected change in 'C:\\Users\\Asus\\Desktop\\hids_project\\app.py', reloading
INFO:werkzeug: * Restarting with watchdog (windowsapi)
WARNING:werkzeug: * Debugger is active!
INFO:werkzeug: * Debugger PIN: 397-501-592
INFO:werkzeug: * Detected change in 'C:\\Users\\Asus\\Desktop\\hids_project\\app.py', reloading
INFO:werkzeug: * Detected change in 'C:\\Users\\Asus\\Desktop\\hids_project\\app.py', reloading
INFO:werkzeug: * Restarting with watchdog (windowsapi)
WARNING:werkzeug: * Debugger is active!
INFO:werkzeug: * Debugger PIN: 397-501-592
INFO:werkzeug: * Detected change in 'C:\\Users\\Asus\\Desktop\\hids_project\\data_collector.py', reloading
INFO:werkzeug: * Detected change in 'C:\\Users\\Asus\\Desktop\\hids_project\\data_collector.py', reloading
INFO:werkzeug: * Restarting with watchdog (windowsapi)
